TN:
SF:/Users/leonrjg/claude/Wilkes/crates/api/src/commands/embed.rs
FN:13,download_model
FN:27,build_index_with_embedder
FN:81,build_index
FN:103,get_model_size
FN:111,list_models
FN:121,get_index_status
FN:127,delete_index
FNF:7
FNDA:0,download_model
FNDA:0,build_index_with_embedder
FNDA:0,build_index
FNDA:0,get_model_size
FNDA:0,list_models
FNDA:2,get_index_status
FNDA:2,delete_index
DA:13,0
DA:21,0
DA:22,0
DA:27,0
DA:37,0
DA:39,0
DA:43,0
DA:44,0
DA:45,0
DA:47,0
DA:50,0
DA:51,0
DA:53,0
DA:54,0
DA:55,0
DA:57,0
DA:58,0
DA:59,0
DA:60,0
DA:61,0
DA:62,0
DA:63,0
DA:64,0
DA:65,0
DA:66,0
DA:68,0
DA:70,0
DA:72,0
DA:81,0
DA:93,0
DA:96,0
DA:98,0
DA:99,0
DA:103,0
DA:104,0
DA:105,0
DA:107,0
DA:111,0
DA:112,0
DA:113,0
DA:114,0
DA:116,0
DA:121,2
DA:122,3
DA:123,4
DA:127,2
DA:128,3
DA:129,3
LF:48
LH:6
end_of_record
TN:
SF:/Users/leonrjg/claude/Wilkes/crates/api/src/commands/files.rs
FN:8,list_files
FN:43,open_file
FNF:2
FNDA:2,list_files
FNDA:4,open_file
DA:8,2
DA:13,4
DA:14,4
DA:15,11
DA:16,14
DA:17,14
DA:18,0
DA:20,42
DA:21,15
DA:24,20
DA:25,35
DA:26,7
DA:27,1
DA:30,11
DA:31,1
DA:33,24
DA:34,15
DA:37,7
DA:38,2
DA:40,2
DA:43,4
DA:44,6
DA:45,0
DA:47,3
DA:48,3
DA:49,1
DA:50,2
DA:51,1
DA:52,1
DA:53,1
DA:56,2
LF:31
LH:29
end_of_record
TN:
SF:/Users/leonrjg/claude/Wilkes/crates/api/src/commands/logs.rs
FN:1,get_logs
FN:5,clear_logs
FNF:2
FNDA:2,get_logs
FNDA:1,clear_logs
DA:1,2
DA:2,2
DA:5,1
DA:6,1
LF:4
LH:4
end_of_record
TN:
SF:/Users/leonrjg/claude/Wilkes/crates/api/src/commands/preview.rs
FN:4,preview
FN:13,preview_text
FN:50,preview_pdf
FN:61,detect_language
FN:91,line_range
FNF:5
FNDA:2,preview
FNDA:2,preview_text
FNDA:1,preview_pdf
FNDA:5,detect_language
FNDA:2,line_range
DA:4,2
DA:5,1
DA:6,0
DA:7,2
DA:8,5
DA:13,2
DA:14,3
DA:15,3
DA:17,4
DA:19,6
DA:21,3
DA:24,7
DA:25,9
DA:30,1
DA:33,1
DA:35,0
DA:36,0
DA:37,0
DA:39,0
DA:42,1
DA:43,2
DA:44,2
DA:45,1
DA:46,1
DA:50,1
DA:57,1
DA:61,5
DA:62,19
DA:63,6
DA:64,5
DA:65,4
DA:66,4
DA:67,4
DA:68,4
DA:69,2
DA:70,4
DA:71,4
DA:72,4
DA:73,6
DA:74,2
DA:75,2
DA:76,6
DA:77,2
DA:78,2
DA:79,4
DA:80,8
DA:81,2
DA:82,2
DA:83,2
DA:84,2
DA:85,2
DA:87,2
DA:91,2
DA:92,4
DA:93,4
DA:94,12
DA:95,3
DA:96,2
DA:97,4
DA:98,4
DA:101,1
LF:61
LH:56
end_of_record
TN:
SF:/Users/leonrjg/claude/Wilkes/crates/api/src/commands/search.rs
FN:22,SearchHandle::next
FN:28,SearchHandle::finish
FN:44,start_search
FNF:3
FNDA:0,SearchHandle::next
FNDA:4,SearchHandle::finish
FNDA:2,start_search
DA:22,0
DA:23,0
DA:28,4
DA:29,4
DA:30,4
DA:31,0
DA:32,0
DA:33,0
DA:44,2
DA:49,6
DA:51,6
DA:52,4
DA:53,6
DA:55,4
DA:57,2
DA:58,0
DA:59,0
DA:62,3
DA:66,1
DA:69,4
DA:70,2
DA:71,0
LF:22
LH:14
end_of_record
TN:
SF:/Users/leonrjg/claude/Wilkes/crates/api/src/commands/settings.rs
FN:4,get_settings
FN:13,update_settings
FNF:2
FNDA:14,get_settings
FNDA:6,update_settings
DA:4,14
DA:5,7
DA:6,5
DA:8,6
DA:9,6
DA:10,2
DA:13,6
DA:14,9
DA:17,9
DA:18,18
DA:19,15
DA:20,20
DA:23,9
DA:25,6
DA:26,6
DA:28,15
DA:30,3
LF:17
LH:17
end_of_record
TN:
SF:/Users/leonrjg/claude/Wilkes/crates/api/src/context.rs
FN:53,AppContext::new
FN:75,AppContext::run_event_forwarder
FN:87,AppContext::settings
FN:91,AppContext::stop_watcher
FN:99,AppContext::update_semantic_settings
FN:120,AppContext::start_search
FN:192,AppContext::start_build_index
FN:357,AppContext::start_download_model
FN:447,AppContext::cancel_embed
FN:454,AppContext::delete_index
FN:463,AppContext::get_index_status
FN:469,AppContext::get_worker_status
FN:476,AppContext::kill_worker
FN:481,AppContext::set_worker_timeout
FN:490,AppContext::restore_state
FNF:15
FNDA:3,AppContext::new
FNDA:2,AppContext::run_event_forwarder
FNDA:0,AppContext::settings
FNDA:1,AppContext::stop_watcher
FNDA:1,AppContext::update_semantic_settings
FNDA:0,AppContext::start_search
FNDA:0,AppContext::start_build_index
FNDA:0,AppContext::start_download_model
FNDA:0,AppContext::cancel_embed
FNDA:0,AppContext::delete_index
FNDA:0,AppContext::get_index_status
FNDA:0,AppContext::get_worker_status
FNDA:0,AppContext::kill_worker
FNDA:0,AppContext::set_worker_timeout
FNDA:0,AppContext::restore_state
DA:53,3
DA:59,12
DA:60,9
DA:61,6
DA:62,6
DA:63,9
DA:64,15
DA:65,9
DA:66,9
DA:67,3
DA:68,3
DA:70,6
DA:75,2
DA:76,7
DA:77,2
DA:78,1
DA:79,0
DA:81,3
DA:87,0
DA:88,0
DA:91,1
DA:92,4
DA:93,1
DA:99,1
DA:103,4
DA:104,2
DA:105,0
DA:107,2
DA:109,1
DA:110,2
DA:112,0
DA:120,0
DA:121,0
DA:122,0
DA:124,0
DA:127,0
DA:128,0
DA:129,0
DA:130,0
DA:132,0
DA:136,0
DA:137,0
DA:139,0
DA:143,0
DA:144,0
DA:145,0
DA:146,0
DA:147,0
DA:148,0
DA:149,0
DA:150,0
DA:152,0
DA:155,0
DA:156,0
DA:157,0
DA:158,0
DA:160,0
DA:161,0
DA:163,0
DA:164,0
DA:165,0
DA:166,0
DA:167,0
DA:169,0
DA:170,0
DA:171,0
DA:172,0
DA:173,0
DA:179,0
DA:181,0
DA:184,0
DA:192,0
DA:199,0
DA:200,0
DA:201,0
DA:205,0
DA:206,0
DA:207,0
DA:208,0
DA:209,0
DA:211,0
DA:212,0
DA:214,0
DA:215,0
DA:216,0
DA:217,0
DA:219,0
DA:220,0
DA:221,0
DA:223,0
DA:227,0
DA:228,0
DA:231,0
DA:233,0
DA:234,0
DA:235,0
DA:236,0
DA:237,0
DA:238,0
DA:239,0
DA:240,0
DA:241,0
DA:242,0
DA:243,0
DA:244,0
DA:246,0
DA:247,0
DA:250,0
DA:253,0
DA:254,0
DA:255,0
DA:256,0
DA:258,0
DA:261,0
DA:262,0
DA:263,0
DA:264,0
DA:265,0
DA:267,0
DA:268,0
DA:269,0
DA:270,0
DA:271,0
DA:272,0
DA:273,0
DA:274,0
DA:275,0
DA:277,0
DA:278,0
DA:280,0
DA:281,0
DA:282,0
DA:283,0
DA:284,0
DA:285,0
DA:286,0
DA:289,0
DA:292,0
DA:293,0
DA:294,0
DA:295,0
DA:296,0
DA:297,0
DA:298,0
DA:299,0
DA:300,0
DA:301,0
DA:302,0
DA:303,0
DA:304,0
DA:306,0
DA:307,0
DA:310,0
DA:311,0
DA:312,0
DA:315,0
DA:317,0
DA:319,0
DA:320,0
DA:321,0
DA:324,0
DA:325,0
DA:326,0
DA:331,0
DA:332,0
DA:333,0
DA:337,0
DA:340,0
DA:341,0
DA:345,0
DA:346,0
DA:349,0
DA:350,0
DA:351,0
DA:357,0
DA:363,0
DA:364,0
DA:365,0
DA:369,0
DA:370,0
DA:371,0
DA:372,0
DA:373,0
DA:374,0
DA:376,0
DA:378,0
DA:379,0
DA:380,0
DA:381,0
DA:382,0
DA:383,0
DA:387,0
DA:388,0
DA:389,0
DA:390,0
DA:391,0
DA:392,0
DA:393,0
DA:394,0
DA:396,0
DA:398,0
DA:401,0
DA:402,0
DA:403,0
DA:404,0
DA:405,0
DA:406,0
DA:408,0
DA:409,0
DA:411,0
DA:412,0
DA:413,0
DA:414,0
DA:416,0
DA:417,0
DA:419,0
DA:420,0
DA:422,0
DA:423,0
DA:424,0
DA:429,0
DA:430,0
DA:431,0
DA:436,0
DA:437,0
DA:440,0
DA:441,0
DA:442,0
DA:447,0
DA:448,0
DA:449,0
DA:450,0
DA:454,0
DA:455,0
DA:456,0
DA:457,0
DA:458,0
DA:459,0
DA:460,0
DA:463,0
DA:464,0
DA:469,0
DA:470,0
DA:471,0
DA:472,0
DA:473,0
DA:476,0
DA:477,0
DA:478,0
DA:481,0
DA:482,0
DA:483,0
DA:490,0
DA:491,0
DA:492,0
DA:493,0
DA:496,0
DA:497,0
DA:498,0
DA:499,0
DA:500,0
DA:504,0
DA:505,0
DA:507,0
DA:509,0
DA:511,0
DA:515,0
DA:516,0
DA:518,0
DA:519,0
DA:521,0
DA:523,0
DA:525,0
DA:527,0
DA:528,0
DA:532,0
DA:533,0
DA:534,0
DA:535,0
DA:538,0
DA:539,0
DA:540,0
DA:541,0
DA:543,0
DA:544,0
DA:545,0
DA:548,0
DA:549,0
DA:550,0
DA:551,0
DA:552,0
DA:555,0
DA:556,0
DA:557,0
DA:558,0
DA:559,0
DA:560,0
DA:561,0
DA:564,0
DA:565,0
DA:566,0
DA:568,0
DA:569,0
DA:570,0
DA:572,0
DA:573,0
DA:574,0
DA:575,0
DA:576,0
DA:577,0
DA:578,0
DA:581,0
DA:584,0
DA:585,0
DA:586,0
DA:587,0
DA:588,0
DA:589,0
DA:590,0
DA:591,0
DA:592,0
DA:593,0
DA:594,0
DA:595,0
DA:596,0
DA:598,0
DA:599,0
DA:603,0
DA:604,0
DA:605,0
DA:607,0
DA:608,0
DA:610,0
DA:612,0
LF:334
LH:26
end_of_record
TN:
SF:/Users/leonrjg/claude/Wilkes/crates/core/src/embed/index/chunk.rs
FN:26,chunk_content
FNF:1
FNDA:2,chunk_content
DA:26,2
DA:32,4
DA:33,1
DA:36,3
DA:37,2
DA:39,3
DA:41,2
DA:43,1
DA:44,2
DA:45,6
DA:46,15
DA:47,10
DA:48,0
DA:51,10
DA:52,20
DA:53,10
DA:54,5
DA:55,15
DA:56,5
DA:59,0
DA:60,0
DA:61,0
DA:62,0
DA:66,5
DA:67,0
DA:68,0
DA:70,5
DA:71,10
DA:72,10
DA:73,10
DA:74,5
LF:31
LH:24
end_of_record
TN:
SF:/Users/leonrjg/claude/Wilkes/crates/core/src/embed/index/index.rs
FN:17,load_sqlite_vec
FN:31,db_path
FN:128,SemanticIndex::open
FN:205,SemanticIndex::create_at_path
FN:250,SemanticIndex::create
FN:261,SemanticIndex::build
FN:341,SemanticIndex::create_schema
FN:392,SemanticIndex::extract_chunks
FN:421,SemanticIndex::prepare_file
FN:449,SemanticIndex::write_file
FN:500,SemanticIndex::index_file
FN:513,SemanticIndex::remove_file
FN:528,SemanticIndex::query
FN:597,SemanticIndex::status
FN:673,SemanticIndex::read_status_from_path
FN:746,SemanticIndex::delete
FN:758,f32_slice_to_bytes
FNF:17
FNDA:1,load_sqlite_vec
FNDA:6,db_path
FNDA:1,SemanticIndex::open
FNDA:0,SemanticIndex::create_at_path
FNDA:0,SemanticIndex::create
FNDA:0,SemanticIndex::build
FNDA:0,SemanticIndex::create_schema
FNDA:0,SemanticIndex::extract_chunks
FNDA:0,SemanticIndex::prepare_file
FNDA:0,SemanticIndex::write_file
FNDA:0,SemanticIndex::index_file
FNDA:0,SemanticIndex::remove_file
FNDA:0,SemanticIndex::query
FNDA:1,SemanticIndex::status
FNDA:2,SemanticIndex::read_status_from_path
FNDA:0,SemanticIndex::delete
FNDA:0,f32_slice_to_bytes
DA:17,1
DA:19,2
DA:23,2
DA:24,1
DA:31,6
DA:32,12
DA:128,1
DA:129,1
DA:131,3
DA:132,3
DA:134,0
DA:135,0
DA:139,0
DA:143,0
DA:145,0
DA:147,0
DA:148,0
DA:152,0
DA:156,0
DA:160,0
DA:161,0
DA:167,0
DA:171,0
DA:172,0
DA:173,0
DA:178,0
DA:179,0
DA:185,0
DA:189,0
DA:190,0
DA:191,0
DA:194,0
DA:196,0
DA:197,0
DA:198,0
DA:199,0
DA:200,0
DA:205,0
DA:211,0
DA:213,0
DA:214,0
DA:217,0
DA:218,0
DA:222,0
DA:223,0
DA:224,0
DA:226,0
DA:227,0
DA:229,0
DA:231,0
DA:232,0
DA:233,0
DA:235,0
DA:237,0
DA:240,0
DA:241,0
DA:242,0
DA:243,0
DA:244,0
DA:250,0
DA:256,0
DA:261,0
DA:272,0
DA:273,0
DA:275,0
DA:276,0
DA:278,0
DA:282,0
DA:283,0
DA:284,0
DA:285,0
DA:286,0
DA:287,0
DA:290,0
DA:291,0
DA:292,0
DA:295,0
DA:296,0
DA:299,0
DA:300,0
DA:302,0
DA:303,0
DA:307,0
DA:308,0
DA:310,0
DA:312,0
DA:314,0
DA:318,0
DA:319,0
DA:320,0
DA:323,0
DA:324,0
DA:325,0
DA:327,0
DA:328,0
DA:330,0
DA:331,0
DA:332,0
DA:333,0
DA:334,0
DA:338,0
DA:341,0
DA:347,0
DA:370,0
DA:371,0
DA:372,0
DA:375,0
DA:377,0
DA:379,0
DA:381,0
DA:383,0
DA:385,0
DA:387,0
DA:392,0
DA:398,0
DA:399,0
DA:402,0
DA:403,0
DA:405,0
DA:406,0
DA:407,0
DA:417,0
DA:421,0
DA:428,0
DA:429,0
DA:430,0
DA:433,0
DA:434,0
DA:436,0
DA:437,0
DA:439,0
DA:440,0
DA:443,0
DA:444,0
DA:449,0
DA:450,0
DA:453,0
DA:454,0
DA:455,0
DA:458,0
DA:464,0
DA:466,0
DA:468,0
DA:470,0
DA:473,0
DA:474,0
DA:475,0
DA:476,0
DA:479,0
DA:480,0
DA:481,0
DA:482,0
DA:483,0
DA:484,0
DA:485,0
DA:488,0
DA:489,0
DA:490,0
DA:492,0
DA:495,0
DA:496,0
DA:500,0
DA:508,0
DA:509,0
DA:513,0
DA:514,0
DA:515,0
DA:517,0
DA:519,0
DA:521,0
DA:523,0
DA:528,0
DA:534,0
DA:535,0
DA:537,0
DA:539,0
DA:541,0
DA:551,0
DA:552,0
DA:553,0
DA:554,0
DA:555,0
DA:556,0
DA:557,0
DA:558,0
DA:559,0
DA:561,0
DA:562,0
DA:563,0
DA:567,0
DA:569,0
DA:571,0
DA:574,0
DA:575,0
DA:576,0
DA:577,0
DA:578,0
DA:579,0
DA:580,0
DA:581,0
DA:582,0
DA:583,0
DA:584,0
DA:586,0
DA:587,0
DA:592,0
DA:593,0
DA:597,1
DA:598,3
DA:599,1
DA:600,5
DA:601,1
DA:603,2
DA:604,2
DA:605,2
DA:606,0
DA:609,2
DA:610,1
DA:611,5
DA:614,3
DA:615,1
DA:616,4
DA:617,4
DA:618,1
DA:622,3
DA:623,1
DA:624,3
DA:625,0
DA:626,0
DA:628,2
DA:630,3
DA:631,1
DA:632,3
DA:633,0
DA:634,0
DA:636,2
DA:638,3
DA:639,1
DA:640,3
DA:641,1
DA:644,3
DA:645,1
DA:646,3
DA:647,1
DA:650,3
DA:651,1
DA:652,3
DA:653,0
DA:654,0
DA:656,2
DA:673,2
DA:674,6
DA:675,4
DA:676,3
DA:678,7
DA:680,3
DA:681,5
DA:682,1
DA:684,2
DA:685,2
DA:686,0
DA:687,0
DA:690,3
DA:691,5
DA:694,3
DA:695,4
DA:696,4
DA:697,1
DA:701,3
DA:702,3
DA:703,0
DA:704,0
DA:706,2
DA:708,3
DA:709,3
DA:710,0
DA:711,0
DA:713,2
DA:715,3
DA:716,3
DA:717,1
DA:720,3
DA:721,3
DA:722,1
DA:725,3
DA:726,3
DA:727,0
DA:728,0
DA:730,2
DA:732,1
DA:733,2
DA:734,2
DA:735,2
DA:736,2
DA:737,2
DA:738,2
DA:739,2
DA:740,1
DA:741,1
DA:746,0
DA:747,0
DA:748,0
DA:749,0
DA:750,0
DA:752,0
DA:758,0
DA:759,0
LF:307
LH:87
end_of_record
TN:
SF:/Users/leonrjg/claude/Wilkes/crates/core/src/embed/index/watcher.rs
FN:30,IndexWatcher::start
FN:117,IndexWatcher::stop
FN:127,<impl Drop for IndexWatcher>::drop
FN:132,spawn_sbert_worker
FN:181,handle_event
FN:231,try_open_exclusive
FNF:6
FNDA:2,IndexWatcher::start
FNDA:4,IndexWatcher::stop
FNDA:2,<impl Drop for IndexWatcher>::drop
FNDA:0,spawn_sbert_worker
FNDA:0,handle_event
FNDA:0,try_open_exclusive
DA:30,2
DA:42,4
DA:43,2
DA:45,8
DA:46,2
DA:48,2
DA:50,6
DA:51,2
DA:53,6
DA:54,2
DA:55,0
DA:56,0
DA:57,0
DA:58,0
DA:60,0
DA:62,0
DA:63,0
DA:66,0
DA:67,0
DA:68,0
DA:69,0
DA:74,0
DA:75,0
DA:76,0
DA:77,0
DA:78,0
DA:79,0
DA:87,0
DA:88,0
DA:89,0
DA:90,0
DA:91,0
DA:93,0
DA:95,0
DA:96,0
DA:97,0
DA:100,0
DA:103,0
DA:104,0
DA:110,2
DA:111,2
DA:112,2
DA:117,4
DA:119,12
DA:120,8
DA:121,2
DA:127,2
DA:128,4
DA:132,0
DA:142,0
DA:143,0
DA:145,0
DA:146,0
DA:147,0
DA:148,0
DA:149,0
DA:150,0
DA:152,0
DA:155,0
DA:161,0
DA:162,0
DA:165,0
DA:166,0
DA:167,0
DA:168,0
DA:169,0
DA:173,0
DA:181,0
DA:189,0
DA:191,0
DA:192,0
DA:193,0
DA:194,0
DA:198,0
DA:201,0
DA:202,0
DA:206,0
DA:207,0
DA:209,0
DA:211,0
DA:214,0
DA:215,0
DA:216,0
DA:217,0
DA:218,0
DA:219,0
DA:224,0
DA:225,0
DA:231,0
DA:232,0
DA:233,0
DA:234,0
DA:235,0
DA:236,0
DA:237,0
DA:238,0
DA:239,0
DA:242,0
DA:243,0
DA:247,0
LF:100
LH:19
end_of_record
TN:
SF:/Users/leonrjg/claude/Wilkes/crates/core/src/embed/mod.rs
FN:21,Embedder::preferred_batch_size
FN:27,Embedder::embed_query
FN:33,Embedder::embed_passages
FNF:3
FNDA:0,Embedder::preferred_batch_size
FNDA:0,Embedder::embed_query
FNDA:0,Embedder::embed_passages
DA:21,0
DA:22,0
DA:27,0
DA:28,0
DA:33,0
DA:34,0
LF:6
LH:0
end_of_record
TN:
SF:/Users/leonrjg/claude/Wilkes/crates/core/src/embed/models/downloader.rs
FN:12,LocalModelManager::download
FN:20,LocalModelManager::is_downloaded
FN:24,LocalModelManager::delete
FNF:3
FNDA:0,LocalModelManager::download
FNDA:0,LocalModelManager::is_downloaded
FNDA:0,LocalModelManager::delete
DA:12,0
DA:15,0
DA:16,0
DA:20,0
DA:21,0
DA:24,0
DA:25,0
DA:26,0
DA:28,0
LF:9
LH:0
end_of_record
TN:
SF:/Users/leonrjg/claude/Wilkes/crates/core/src/embed/models/hf_cache.rs
FN:6,get_hf_cache_root
FN:20,overlay_hf_cache
FN:55,list_cached_models
FN:85,get_model_descriptor_from_path
FN:142,calculate_dir_size
FNF:5
FNDA:0,get_hf_cache_root
FNDA:0,overlay_hf_cache
FNDA:0,list_cached_models
FNDA:1,get_model_descriptor_from_path
FNDA:3,calculate_dir_size
DA:6,0
DA:7,0
DA:8,0
DA:10,0
DA:11,0
DA:12,0
DA:20,0
DA:21,0
DA:22,0
DA:23,0
DA:25,0
DA:26,0
DA:27,0
DA:28,0
DA:29,0
DA:31,0
DA:32,0
DA:33,0
DA:35,0
DA:36,0
DA:37,0
DA:38,0
DA:40,0
DA:42,0
DA:43,0
DA:44,0
DA:45,0
DA:46,0
DA:47,0
DA:50,0
DA:55,0
DA:56,0
DA:57,0
DA:58,0
DA:59,0
DA:62,0
DA:63,0
DA:64,0
DA:65,0
DA:67,0
DA:68,0
DA:69,0
DA:70,0
DA:71,0
DA:72,0
DA:73,0
DA:74,0
DA:75,0
DA:82,0
DA:85,1
DA:86,3
DA:87,1
DA:88,0
DA:92,3
DA:95,3
DA:98,2
DA:99,1
DA:100,0
DA:103,4
DA:104,5
DA:108,2
DA:110,3
DA:111,1
DA:112,1
DA:115,2
DA:116,0
DA:117,0
DA:118,0
DA:119,0
DA:124,2
DA:126,3
DA:128,1
DA:129,3
DA:130,6
DA:131,2
DA:132,2
DA:133,1
DA:135,1
DA:136,1
DA:137,1
DA:138,1
DA:142,3
DA:143,6
DA:144,6
DA:145,12
DA:146,18
DA:147,6
DA:148,25
DA:149,2
DA:150,1
DA:154,3
LF:91
LH:36
end_of_record
TN:
SF:/Users/leonrjg/claude/Wilkes/crates/core/src/embed/models/hf_hub.rs
FN:4,fetch_model_size
FN:35,is_model_cached
FNF:2
FNDA:0,fetch_model_size
FNDA:0,is_model_cached
DA:4,0
DA:15,0
DA:16,0
DA:18,0
DA:20,0
DA:24,0
DA:25,0
DA:27,0
DA:30,0
DA:31,0
DA:35,0
DA:39,0
DA:40,0
LF:13
LH:0
end_of_record
TN:
SF:/Users/leonrjg/claude/Wilkes/crates/core/src/extract/mod.rs
FN:19,ExtractorRegistry::new
FN:25,ExtractorRegistry::register
FN:31,ExtractorRegistry::find
FN:40,<impl Default for ExtractorRegistry>::default
FNF:4
FNDA:5,ExtractorRegistry::new
FNDA:3,ExtractorRegistry::register
FNDA:2,ExtractorRegistry::find
FNDA:0,<impl Default for ExtractorRegistry>::default
DA:19,5
DA:21,5
DA:25,3
DA:26,9
DA:31,2
DA:32,2
DA:34,10
DA:35,4
DA:40,0
DA:41,0
LF:10
LH:8
end_of_record
TN:
SF:/Users/leonrjg/claude/Wilkes/crates/core/src/extract/pdf/mod.rs
FN:18,PdfExtractor::new
FN:26,<impl Default for PdfExtractor>::default
FN:32,<impl ContentExtractor for PdfExtractor>::can_handle
FN:39,<impl ContentExtractor for PdfExtractor>::extract
FNF:4
FNDA:2,PdfExtractor::new
FNDA:0,<impl Default for PdfExtractor>::default
FNDA:0,<impl ContentExtractor for PdfExtractor>::can_handle
FNDA:0,<impl ContentExtractor for PdfExtractor>::extract
DA:18,2
DA:20,2
DA:26,0
DA:27,0
DA:32,0
DA:33,0
DA:34,0
DA:35,0
DA:39,0
DA:40,0
LF:10
LH:2
end_of_record
TN:
SF:/Users/leonrjg/claude/Wilkes/crates/core/src/logging.rs
FN:18,<impl Layer for BufferLayer>::on_event
FN:41,<impl Layer for BufferLayer>::on_event::<impl Visit for MsgVisitor<'a>>::record_debug
FN:55,init_logging
FN:80,init_logging_stderr
FN:97,get_logs
FN:101,clear_logs
FNF:6
FNDA:2,<impl Layer for BufferLayer>::on_event
FNDA:2,<impl Layer for BufferLayer>::on_event::<impl Visit for MsgVisitor<'a>>::record_debug
FNDA:0,init_logging
FNDA:0,init_logging_stderr
FNDA:4,get_logs
FNDA:2,clear_logs
DA:8,2
DA:9,4
DA:18,2
DA:23,4
DA:24,2
DA:25,0
DA:29,4
DA:31,6
DA:32,8
DA:33,2
DA:34,8
DA:35,6
DA:36,2
DA:40,0
DA:41,2
DA:42,4
DA:43,4
DA:45,0
DA:50,6
DA:51,4
DA:55,0
DA:56,0
DA:61,0
DA:62,0
DA:65,0
DA:66,0
DA:67,0
DA:68,0
DA:71,0
DA:72,0
DA:73,0
DA:74,0
DA:80,0
DA:81,0
DA:82,0
DA:87,0
DA:88,0
DA:91,0
DA:92,0
DA:93,0
DA:97,4
DA:98,12
DA:101,2
DA:102,2
LF:44
LH:21
end_of_record
TN:
SF:/Users/leonrjg/claude/Wilkes/crates/core/src/path.rs
FN:9,is_under
FN:25,normalize_path
FN:59,resolve_python
FN:109,resolve_python_package_dir
FNF:4
FNDA:3,is_under
FNDA:3,normalize_path
FNDA:0,resolve_python
FNDA:1,resolve_python_package_dir
DA:9,3
DA:10,5
DA:11,4
DA:12,1
DA:14,4
DA:15,4
DA:16,0
DA:19,4
DA:25,3
DA:26,12
DA:27,9
DA:28,0
DA:29,0
DA:30,0
DA:32,3
DA:35,15
DA:36,12
DA:38,1
DA:39,3
DA:41,0
DA:42,3
DA:43,3
DA:45,16
DA:46,16
DA:50,3
DA:59,0
DA:60,0
DA:63,0
DA:64,0
DA:65,0
DA:66,0
DA:67,0
DA:69,0
DA:74,0
DA:76,0
DA:77,0
DA:79,0
DA:82,0
DA:83,0
DA:86,0
DA:87,0
DA:88,0
DA:90,0
DA:94,0
DA:95,0
DA:96,0
DA:100,0
DA:101,0
DA:102,0
DA:104,0
DA:105,0
DA:109,1
DA:110,2
DA:112,7
DA:114,0
DA:115,1
DA:117,2
DA:118,3
DA:119,2
DA:120,1
DA:123,1
DA:124,7
DA:125,2
DA:126,1
LF:64
LH:32
end_of_record
TN:
SF:/Users/leonrjg/claude/Wilkes/crates/core/src/search/grep.rs
FN:14,GrepSearchProvider::new
FN:18,GrepSearchProvider::build_matcher
FN:35,<impl Default for GrepSearchProvider>::default
FN:41,<impl SearchProvider for GrepSearchProvider>::search
FN:141,<impl SearchProvider for GrepSearchProvider>::capabilities
FN:169,<impl Sink for CollectSink<'m>>::matched
FN:217,search_text_file
FN:237,search_extracted_content
FN:279,extract_context_before
FN:293,extract_context_after
FNF:10
FNDA:1,GrepSearchProvider::new
FNDA:4,GrepSearchProvider::build_matcher
FNDA:0,<impl Default for GrepSearchProvider>::default
FNDA:1,<impl SearchProvider for GrepSearchProvider>::search
FNDA:0,<impl SearchProvider for GrepSearchProvider>::capabilities
FNDA:2,<impl Sink for CollectSink<'m>>::matched
FNDA:2,search_text_file
FNDA:0,search_extracted_content
FNDA:1,extract_context_before
FNDA:1,extract_context_after
DA:14,1
DA:15,1
DA:18,4
DA:19,8
DA:20,0
DA:22,12
DA:25,8
DA:27,12
DA:28,4
DA:29,8
DA:30,4
DA:35,0
DA:36,0
DA:41,1
DA:47,3
DA:49,3
DA:50,1
DA:54,3
DA:55,3
DA:57,3
DA:58,4
DA:59,0
DA:62,4
DA:63,4
DA:64,0
DA:67,6
DA:68,2
DA:69,1
DA:73,1
DA:74,2
DA:75,2
DA:76,0
DA:82,1
DA:83,0
DA:84,0
DA:85,0
DA:86,0
DA:88,0
DA:92,3
DA:93,2
DA:96,0
DA:97,0
DA:98,0
DA:103,2
DA:104,4
DA:106,0
DA:107,0
DA:108,0
DA:109,0
DA:110,0
DA:111,0
DA:115,0
DA:116,0
DA:122,1
DA:123,1
DA:125,3
DA:129,3
DA:130,0
DA:132,2
DA:133,0
DA:138,1
DA:141,0
DA:146,0
DA:152,0
DA:169,2
DA:174,6
DA:175,6
DA:176,4
DA:179,6
DA:181,2
DA:182,6
DA:183,6
DA:184,6
DA:185,2
DA:186,8
DA:187,2
DA:188,6
DA:189,2
DA:190,6
DA:191,2
DA:192,2
DA:194,6
DA:195,4
DA:196,6
DA:197,4
DA:199,4
DA:200,4
DA:201,4
DA:202,2
DA:203,2
DA:204,2
DA:206,2
DA:208,2
DA:210,2
DA:212,6
DA:213,2
DA:217,2
DA:220,2
DA:223,8
DA:225,4
DA:226,2
DA:230,8
DA:232,2
DA:237,0
DA:241,0
DA:242,0
DA:243,0
DA:245,0
DA:246,0
DA:247,0
DA:248,0
DA:249,0
DA:250,0
DA:251,0
DA:252,0
DA:253,0
DA:259,0
DA:260,0
DA:262,0
DA:263,0
DA:264,0
DA:265,0
DA:266,0
DA:267,0
DA:268,0
DA:270,0
DA:272,0
DA:274,0
DA:279,1
DA:281,4
DA:283,4
DA:285,2
DA:286,5
DA:287,5
DA:288,3
DA:293,1
DA:295,5
DA:296,3
DA:297,4
DA:298,3
DA:299,5
DA:300,5
DA:301,3
LF:143
LH:91
end_of_record
TN:
SF:/Users/leonrjg/claude/Wilkes/crates/core/src/search/semantic.rs
FN:17,SemanticSearchProvider::new
FN:26,<impl SearchProvider for SemanticSearchProvider>::search
FN:98,<impl SearchProvider for SemanticSearchProvider>::capabilities
FNF:3
FNDA:0,SemanticSearchProvider::new
FNDA:0,<impl SearchProvider for SemanticSearchProvider>::search
FNDA:0,<impl SearchProvider for SemanticSearchProvider>::capabilities
DA:17,0
DA:26,0
DA:33,0
DA:34,0
DA:35,0
DA:36,0
DA:37,0
DA:40,0
DA:43,0
DA:44,0
DA:46,0
DA:48,0
DA:49,0
DA:50,0
DA:55,0
DA:56,0
DA:58,0
DA:59,0
DA:60,0
DA:63,0
DA:64,0
DA:65,0
DA:70,0
DA:71,0
DA:72,0
DA:73,0
DA:74,0
DA:77,0
DA:78,0
DA:80,0
DA:81,0
DA:84,0
DA:85,0
DA:86,0
DA:88,0
DA:89,0
DA:90,0
DA:91,0
DA:95,0
DA:98,0
DA:99,0
DA:100,0
DA:102,0
DA:109,0
DA:115,0
LF:45
LH:0
end_of_record
TN:
SF:/Users/leonrjg/claude/Wilkes/crates/core/src/types.rs
FN:50,default_true
FN:51,default_context_lines
FN:84,FileType::detect
FN:139,BoundingBox::merge
FN:155,SourceMap::resolve
FN:169,SourceMap::resolve_range
FN:266,<impl Default for EmbedderModel>::default
FN:272,EmbedderModel::model_id
FN:278,<impl Deserialize for EmbedderModel>::deserialize
FN:314,EmbeddingEngine::as_str
FN:323,EmbeddingEngine::default_device
FN:331,EmbeddingEngine::supports_custom_models
FN:339,EmbeddingEngine::supported_engines
FN:383,deserialize_custom_models
FN:412,SemanticSettings::default_chunk_size
FN:416,SemanticSettings::default_chunk_overlap
FN:420,SemanticSettings::default_worker_timeout
FN:424,SemanticSettings::default_dimension
FN:430,SemanticSettings::device_for
FN:437,<impl Default for SemanticSettings>::default
FN:487,default_supported_extensions
FN:502,<impl Default for Settings>::default
FNF:22
FNDA:0,default_true
FNDA:0,default_context_lines
FNDA:11,FileType::detect
FNDA:2,BoundingBox::merge
FNDA:2,SourceMap::resolve
FNDA:6,SourceMap::resolve_range
FNDA:1,<impl Default for EmbedderModel>::default
FNDA:0,EmbedderModel::model_id
FNDA:4,<impl Deserialize for EmbedderModel>::deserialize
FNDA:0,EmbeddingEngine::as_str
FNDA:0,EmbeddingEngine::default_device
FNDA:0,EmbeddingEngine::supports_custom_models
FNDA:0,EmbeddingEngine::supported_engines
FNDA:4,deserialize_custom_models
FNDA:5,SemanticSettings::default_chunk_size
FNDA:6,SemanticSettings::default_chunk_overlap
FNDA:6,SemanticSettings::default_worker_timeout
FNDA:6,SemanticSettings::default_dimension
FNDA:0,SemanticSettings::device_for
FNDA:5,<impl Default for SemanticSettings>::default
FNDA:5,default_supported_extensions
FNDA:5,<impl Default for Settings>::default
DA:50,0
DA:51,0
DA:84,11
DA:85,95
DA:87,21
DA:88,48
DA:89,7
DA:90,2
DA:92,5
DA:98,24
DA:99,12
DA:100,4
DA:101,4
DA:102,8
DA:104,1
DA:107,3
DA:139,2
DA:140,8
DA:141,8
DA:142,8
DA:143,8
DA:147,6
DA:148,2
DA:155,2
DA:158,5
DA:159,6
DA:160,2
DA:164,0
DA:169,6
DA:170,18
DA:171,18
DA:172,18
DA:174,13
DA:176,14
DA:177,20
DA:178,6
DA:181,7
DA:182,4
DA:183,3
DA:184,1
DA:187,0
DA:190,1
DA:193,4
DA:194,2
DA:195,3
DA:196,1
DA:200,5
DA:205,7
DA:206,1
DA:207,1
DA:208,1
DA:211,10
DA:266,1
DA:267,1
DA:272,0
DA:273,0
DA:278,4
DA:279,12
DA:280,4
DA:314,0
DA:315,0
DA:316,0
DA:317,0
DA:318,0
DA:323,0
DA:324,0
DA:325,0
DA:326,0
DA:327,0
DA:331,0
DA:332,0
DA:333,0
DA:334,0
DA:335,0
DA:339,0
DA:340,0
DA:344,0
DA:345,0
DA:383,4
DA:388,12
DA:390,8
DA:391,8
DA:392,4
DA:393,0
DA:395,0
DA:396,0
DA:397,0
DA:399,0
DA:400,0
DA:402,0
DA:405,4
DA:407,0
DA:412,5
DA:413,5
DA:416,6
DA:417,6
DA:420,6
DA:421,6
DA:424,6
DA:425,6
DA:430,0
DA:431,0
DA:432,0
DA:433,0
DA:437,5
DA:440,10
DA:441,10
DA:442,10
DA:443,10
DA:445,10
DA:446,10
DA:447,5
DA:448,5
DA:487,5
DA:488,5
DA:497,5
DA:502,5
DA:504,10
DA:505,10
DA:508,10
DA:510,10
DA:512,5
DA:513,5
LF:123
LH:86
end_of_record
